{"level":30,"time":1728800591598,"pid":21388,"hostname":"DESKTOP-4OV1VV7","msg":"Database connection success!"}
{"level":30,"time":1728802033730,"pid":19468,"hostname":"DESKTOP-4OV1VV7","msg":"Database connection success!"}
{"level":30,"time":1728802033733,"pid":19468,"hostname":"DESKTOP-4OV1VV7","msg":"Connected to the database"}
{"level":30,"time":1728802034336,"pid":19468,"hostname":"DESKTOP-4OV1VV7","msg":"Server running on port 5000"}
{"level":30,"time":1728805883739,"pid":7560,"hostname":"DESKTOP-4OV1VV7","msg":"Database connection success!"}
{"level":30,"time":1728805883741,"pid":7560,"hostname":"DESKTOP-4OV1VV7","msg":"Connected to the database"}
{"level":30,"time":1728805884889,"pid":7560,"hostname":"DESKTOP-4OV1VV7","msg":"Server running on port 5000"}
{"level":30,"time":1728806153098,"pid":660,"hostname":"DESKTOP-4OV1VV7","msg":"Database connection success!"}
{"level":30,"time":1728806153100,"pid":660,"hostname":"DESKTOP-4OV1VV7","msg":"Connected to the database"}
{"level":30,"time":1728806153413,"pid":660,"hostname":"DESKTOP-4OV1VV7","msg":"Server running on port 5000"}
{"level":30,"time":1728806386721,"pid":10964,"hostname":"DESKTOP-4OV1VV7","msg":"Database connection success!"}
{"level":30,"time":1728806386724,"pid":10964,"hostname":"DESKTOP-4OV1VV7","msg":"Connected to the database"}
{"level":30,"time":1728806387065,"pid":10964,"hostname":"DESKTOP-4OV1VV7","msg":"Server running on port 5000"}
{"level":30,"time":1728806489512,"pid":7144,"hostname":"DESKTOP-4OV1VV7","msg":"Database connection success!"}
{"level":30,"time":1728806489515,"pid":7144,"hostname":"DESKTOP-4OV1VV7","msg":"Connected to the database"}
{"level":30,"time":1728806489854,"pid":7144,"hostname":"DESKTOP-4OV1VV7","msg":"Server running on port 5000"}
{"level":30,"time":1728806555369,"pid":16696,"hostname":"DESKTOP-4OV1VV7","msg":"Database connection success!"}
{"level":30,"time":1728806555371,"pid":16696,"hostname":"DESKTOP-4OV1VV7","msg":"Connected to the database"}
{"level":30,"time":1728806555690,"pid":16696,"hostname":"DESKTOP-4OV1VV7","msg":"Server running on port 5000"}
{"level":30,"time":1728806910944,"pid":8468,"hostname":"DESKTOP-4OV1VV7","msg":"Database connection success!"}
{"level":30,"time":1728806910946,"pid":8468,"hostname":"DESKTOP-4OV1VV7","msg":"Connected to the database"}
{"level":30,"time":1728806911270,"pid":8468,"hostname":"DESKTOP-4OV1VV7","msg":"Server running on port 5000"}
{"level":30,"time":1728807466630,"pid":13384,"hostname":"DESKTOP-4OV1VV7","msg":"Database connection success!"}
{"level":30,"time":1728807466634,"pid":13384,"hostname":"DESKTOP-4OV1VV7","msg":"Connected to the database"}
{"level":30,"time":1728807505805,"pid":11392,"hostname":"DESKTOP-4OV1VV7","msg":"Database connection success!"}
{"level":30,"time":1728807505808,"pid":11392,"hostname":"DESKTOP-4OV1VV7","msg":"Connected to the database"}
{"level":30,"time":1728807506206,"pid":11392,"hostname":"DESKTOP-4OV1VV7","msg":"Server running on port 5000"}
{"level":30,"time":1728807669885,"pid":2524,"hostname":"DESKTOP-4OV1VV7","msg":"Database connection success!"}
{"level":30,"time":1728807669888,"pid":2524,"hostname":"DESKTOP-4OV1VV7","msg":"Connected to the database"}
{"level":30,"time":1728807670210,"pid":2524,"hostname":"DESKTOP-4OV1VV7","msg":"Server running on port 5000"}
{"level":30,"time":1728807966338,"pid":12572,"hostname":"DESKTOP-4OV1VV7","msg":"Database connection success!"}
{"level":30,"time":1728807966339,"pid":12572,"hostname":"DESKTOP-4OV1VV7","msg":"Connected to the database"}
{"level":30,"time":1728807966491,"pid":12572,"hostname":"DESKTOP-4OV1VV7","msg":"Server running on port 5000"}
{"level":30,"time":1728808404847,"pid":7416,"hostname":"DESKTOP-4OV1VV7","msg":"Database connection success!"}
{"level":30,"time":1728808404852,"pid":7416,"hostname":"DESKTOP-4OV1VV7","msg":"Connected to the database"}
{"level":30,"time":1728808405700,"pid":7416,"hostname":"DESKTOP-4OV1VV7","msg":"Server running on port 5000"}
{"level":30,"time":1728808647288,"pid":17280,"hostname":"DESKTOP-4OV1VV7","msg":"Database connection success!"}
{"level":30,"time":1728808647291,"pid":17280,"hostname":"DESKTOP-4OV1VV7","msg":"Connected to the database"}
{"level":30,"time":1728808647983,"pid":17280,"hostname":"DESKTOP-4OV1VV7","msg":"Server running on port 5000"}
{"level":30,"time":1728809260029,"pid":18820,"hostname":"DESKTOP-4OV1VV7","msg":"Database connection success!"}
{"level":30,"time":1728809260031,"pid":18820,"hostname":"DESKTOP-4OV1VV7","msg":"Connected to the database"}
{"level":30,"time":1728809260506,"pid":18820,"hostname":"DESKTOP-4OV1VV7","msg":"Server running on port 5000"}
{"level":30,"time":1728813855371,"pid":19296,"hostname":"ALPHA","msg":"Database connection success!"}
{"level":30,"time":1728813855372,"pid":19296,"hostname":"ALPHA","msg":"Connected to the database"}
{"level":30,"time":1728813855472,"pid":19296,"hostname":"ALPHA","msg":"Server running on port 5000"}
{"level":30,"time":1728815057171,"pid":10764,"hostname":"ALPHA","msg":"Database connection success!"}
{"level":30,"time":1728815057173,"pid":10764,"hostname":"ALPHA","msg":"Connected to the database"}
{"level":30,"time":1728815057332,"pid":10764,"hostname":"ALPHA","msg":"Server running on port 5000"}
{"level":30,"time":1728815137848,"pid":9704,"hostname":"ALPHA","msg":"Database connection success!"}
{"level":30,"time":1728815137849,"pid":9704,"hostname":"ALPHA","msg":"Connected to the database"}
{"level":30,"time":1728815137972,"pid":9704,"hostname":"ALPHA","msg":"Server running on port 5000"}
{"level":30,"time":1728815432988,"pid":22680,"hostname":"ALPHA","msg":"Database connection success!"}
{"level":30,"time":1728815432990,"pid":22680,"hostname":"ALPHA","msg":"Connected to the database"}
{"level":30,"time":1728815433143,"pid":22680,"hostname":"ALPHA","msg":"Server running on port 5000"}
{"level":30,"time":1728815694770,"pid":12604,"hostname":"ALPHA","msg":"Database connection success!"}
{"level":30,"time":1728815694772,"pid":12604,"hostname":"ALPHA","msg":"Connected to the database"}
{"level":30,"time":1728815694910,"pid":12604,"hostname":"ALPHA","msg":"Server running on port 5000"}
{"level":30,"time":1728816277811,"pid":22364,"hostname":"ALPHA","msg":"Database connection success!"}
{"level":30,"time":1728816277812,"pid":22364,"hostname":"ALPHA","msg":"Connected to the database"}
{"level":30,"time":1728816277943,"pid":22364,"hostname":"ALPHA","msg":"Server running on port 5000"}
{"level":30,"time":1728817476557,"pid":1928,"hostname":"ALPHA","msg":"Database connection success!"}
{"level":30,"time":1728817476558,"pid":1928,"hostname":"ALPHA","msg":"Connected to the database"}
{"level":30,"time":1728817496515,"pid":20492,"hostname":"ALPHA","msg":"Database connection success!"}
{"level":30,"time":1728817496516,"pid":20492,"hostname":"ALPHA","msg":"Connected to the database"}
{"level":30,"time":1728817525596,"pid":16748,"hostname":"ALPHA","msg":"Database connection success!"}
{"level":30,"time":1728817525597,"pid":16748,"hostname":"ALPHA","msg":"Connected to the database"}
{"level":30,"time":1728817555506,"pid":1816,"hostname":"ALPHA","msg":"Database connection success!"}
{"level":30,"time":1728817555507,"pid":1816,"hostname":"ALPHA","msg":"Connected to the database"}
{"level":30,"time":1728817686477,"pid":17664,"hostname":"ALPHA","msg":"Database connection success!"}
{"level":30,"time":1728817686480,"pid":17664,"hostname":"ALPHA","msg":"Connected to the database"}
{"level":30,"time":1728817763079,"pid":15940,"hostname":"ALPHA","msg":"Database connection success!"}
{"level":30,"time":1728817763080,"pid":15940,"hostname":"ALPHA","msg":"Connected to the database"}
{"level":30,"time":1728817885931,"pid":7960,"hostname":"ALPHA","msg":"Database connection success!"}
{"level":30,"time":1728817885932,"pid":7960,"hostname":"ALPHA","msg":"Connected to the database"}
{"level":30,"time":1728817886043,"pid":7960,"hostname":"ALPHA","msg":"Server running on port 5000"}
{"level":30,"time":1728818343036,"pid":22684,"hostname":"ALPHA","msg":"Database connection success!"}
{"level":30,"time":1728818343037,"pid":22684,"hostname":"ALPHA","msg":"Connected to the database"}
{"level":30,"time":1728818463973,"pid":16508,"hostname":"ALPHA","msg":"Database connection success!"}
{"level":30,"time":1728818463974,"pid":16508,"hostname":"ALPHA","msg":"Connected to the database"}
{"level":30,"time":1728818464046,"pid":16508,"hostname":"ALPHA","msg":"Server running on port 5000"}
{"level":30,"time":1728818529307,"pid":17060,"hostname":"ALPHA","msg":"Database connection success!"}
{"level":30,"time":1728818529309,"pid":17060,"hostname":"ALPHA","msg":"Connected to the database"}
{"level":30,"time":1728818529378,"pid":17060,"hostname":"ALPHA","msg":"Server running on port 5000"}
{"level":30,"time":1728818669744,"pid":10312,"hostname":"ALPHA","msg":"Database connection success!"}
{"level":30,"time":1728818669745,"pid":10312,"hostname":"ALPHA","msg":"Connected to the database"}
{"level":30,"time":1728818669853,"pid":10312,"hostname":"ALPHA","msg":"Server running on port 5000"}
{"level":30,"time":1728819704713,"pid":14968,"hostname":"DESKTOP-4OV1VV7","msg":"Database connection success!"}
{"level":30,"time":1728819704717,"pid":14968,"hostname":"DESKTOP-4OV1VV7","msg":"Connected to the database"}
{"level":30,"time":1728819705771,"pid":14968,"hostname":"DESKTOP-4OV1VV7","msg":"Server running on port 5000"}
{"level":50,"time":1728819810721,"pid":14968,"hostname":"DESKTOP-4OV1VV7","msg":"Email sent failed to: madusankaishan13@gmail.com"}
{"level":30,"time":1728820093216,"pid":20340,"hostname":"DESKTOP-4OV1VV7","msg":"Database connection success!"}
{"level":30,"time":1728820093219,"pid":20340,"hostname":"DESKTOP-4OV1VV7","msg":"Connected to the database"}
{"level":30,"time":1728820093808,"pid":20340,"hostname":"DESKTOP-4OV1VV7","msg":"Server running on port 5000"}
{"level":50,"time":1728820291069,"pid":20340,"hostname":"DESKTOP-4OV1VV7","msg":"Email sent failed to: madusankaishan13@gmail.com"}
{"level":30,"time":1728821049568,"pid":14148,"hostname":"DESKTOP-4OV1VV7","msg":"Database connection success!"}
{"level":30,"time":1728821049570,"pid":14148,"hostname":"DESKTOP-4OV1VV7","msg":"Connected to the database"}
{"level":30,"time":1728821050306,"pid":14148,"hostname":"DESKTOP-4OV1VV7","msg":"Server running on port 5000"}
{"level":30,"time":1728821099305,"pid":14148,"hostname":"DESKTOP-4OV1VV7","msg":"Email succesfully sent to: madusankaishan13@gmail.com"}
